<?xml version="1.0" encoding="UTF-8"?>
<testng-results skipped="0" failed="0" ignored="0" total="1" passed="1">
  <reporter-output>
  </reporter-output>
  <suite name="Suite1" duration-ms="12657" started-at="2017-12-28T21:23:54Z" finished-at="2017-12-28T21:24:07Z">
    <groups>
      <group name="cucumber">
        <method signature="AbstractTestNGCucumberTests.feature(cucumber.api.testng.CucumberFeatureWrapper)[pri:0, instance:com.planetnexus.testrunner.TestRunnerNG@5e3a8624]" name="feature" class="cucumber.api.testng.AbstractTestNGCucumberTests"/>
      </group> <!-- cucumber -->
    </groups>
    <test name="Nopackage" duration-ms="12657" started-at="2017-12-28T21:23:54Z" finished-at="2017-12-28T21:24:07Z">
      <class name="com.planetnexus.testrunner.TestRunnerNG">
        <test-method status="PASS" signature="setUpClass()[pri:0, instance:com.planetnexus.testrunner.TestRunnerNG@5e3a8624]" name="setUpClass" is-config="true" duration-ms="284" started-at="2017-12-28T16:23:54Z" finished-at="2017-12-28T16:23:55Z">
          <reporter-output>
          </reporter-output>
        </test-method> <!-- setUpClass -->
        <test-method status="PASS" signature="feature(cucumber.api.testng.CucumberFeatureWrapper)[pri:0, instance:com.planetnexus.testrunner.TestRunnerNG@5e3a8624]" name="feature" duration-ms="12227" started-at="2017-12-28T16:23:55Z" description="Runs Cucumber Feature" data-provider="features" finished-at="2017-12-28T16:24:07Z">
          <params>
            <param index="0">
              <value>
                <![CDATA[In order to go to members area]]>
              </value>
            </param>
          </params>
          <reporter-output>
          </reporter-output>
        </test-method> <!-- feature -->
        <test-method status="PASS" signature="tearDownClass()[pri:0, instance:com.planetnexus.testrunner.TestRunnerNG@5e3a8624]" name="tearDownClass" is-config="true" duration-ms="8" started-at="2017-12-28T16:24:07Z" finished-at="2017-12-28T16:24:07Z">
          <reporter-output>
          </reporter-output>
        </test-method> <!-- tearDownClass -->
      </class> <!-- com.planetnexus.testrunner.TestRunnerNG -->
    </test> <!-- Nopackage -->
  </suite> <!-- Suite1 -->
</testng-results>
